494
512
520
521
517
514
513
518
529
542
555
562
561
552
541
527
515
505
498
495
495
499
505
511
516
518
518
515
511
508
504
503
501
499
497
497
498
499
500
500
500
501
502
509
520
533
548
560
562
556
545
531
517
504
496
491
492
495
500
506
511
517
519
519
515
511
508
504
502
500
500
501
501
502
502
502
501
501
504
507
516
528
547
563
571
570
559
544
528
513
501
494
492
493
498
503
509
514
516
517
515
511
507
504
500
497
495
494
495
498
499
499
498
499
498
498
499
503
516
530
546
562
570
566
555
540
522
506
493
488
486
489
495
501
509
514
517
517
514
509
506
503
497
495
493
493
495
497
499
500
500
499
500
500
501
504
514
527
545
564
577
579
571
557
541
529
516
508
504
507
515
533
566
617
635
563
514
564
660
745
750
672
533
403
297
233
215
230
268
316
367
416
453
491
561
727
967
967
967
967
966
425
527
528
529
530
524
516
505
494
484
470
462
459
462
471
476
481
488
491
493
497
508
523
543
565
586
603
618
616
591
554
516
477
448
422
406
403
405
407
420
452
493
516
498
461
425
397
374
360
358
368
380
423
483
531
563
578
576
563
546
533
528
528
531
530
525
518
512
505
499
497
497
501
506
512
524
538
550
556
563
561
554
545
538
532
515
493
473
466
467
476
491
507
523
538
548
554
560
568
571
567
557
542
529
524
530
564
600
628
657
685
698
693
660
589
484
369
262
196
171
180
218
277
342
408
472
529
568
577
562
543
531
532
541
554
571
590
606
621
626
619
597
558
510
454
408
382
382
398
418
439
451
456
453
447
441
440
446
457
472
486
496
506
504
513
559
607
633
634
614
579
535
500
474
456
447
444
446
451
456
461
468
504
543
558
568
606
474
474
473
472
473
474
475
477
476
476
475
475
479
481
485
490
494
496
496
494
493
494
493
494
496
500
503
504
503
499
496
495
493
492
491
492
494
494
496
495
495
494
494
494
493
497
502
505
503
501
497
495
494
493
494
495
496
499
499
502
503
505
507
507
504
500
497
494
494
495
496
497
497
499
497
498
498
501
501
499
500
499
499
498
498
500
499
500
501
502
502
501
503
504
505
505
508
512
515
514
509
503
500
497
497
496
497
497
501
502
502
501
499
499
499
499
500
501
501
500
500
500
498
500
499
500
499
500
503
515
529
536
537
529
518
505
494
488
485
486
486
489
491
493
497
500
502
501
502
501
500
501
500
500
500
501
500
499
500
499
499
499
499
506
521
538
547
547
539
529
513
498
489
481
479
482
485
492
497
501
504
507
507
506
506
503
504
501
500
500
499
500
500
500
501
501
502
502
504
508
524
540
550
549
539
526
513
499
490
481
478
477
480
482
486
493
498
505
506
506
505
501
498
496
497
498
497
495
491
487
483
480
473
467
458
452
452
454
460
465
468
467
456
452
454
460
473
491
514
533
548
562
576
583
579
571
565
561
555
540
523
499
480
469
463
459
461
469
480
499
522
544
563
573
576
571
563
547
537
528
518
511
504
500
499
502
505
510
515
516
517
516
513
509
505
501
496
494
493
493
493
491
490
491
496
508
519
526
522
516
514
511
509
505
503
499
496
493
490
487
486
490
493
496
498
498
498
494
491
488
488
492
498
504
508
513
515
513
510
507
506
508
519
532
543
546
544
535
524
514
506
503
500
497
494
489
490
493
497
506
512
515
515
513
509
506
506
505
504
503
502
499
496
490
484
481
479
482
489
495
501
506
514
523
536
550
559
564
563
554
541
527
515
506
498
495
495
497
501
508
514
519
521
520
515
507
502
498
496
496
495
497
497
500
501
502
504
505
508
510
512
517
527
540
556
564
564
556
543
527
511
499
493
490
493
496
502
509
515
520
521
522
520
518
519
519
518
515
511
508
505
502
499
498
498
498
499
500
504
506
510
512
514
521
529
543
554
558
554
544
532
518
509
502
498
497
497
499
498
501
502
506
508
507
507
505
503
502
500
500
499
501
500
501
500
499
501
499
499
499
501
503
504
504
502
501
500
501
508
518
534
547
553
550
539
526
512
502
494
489
488
491
497
502
510
515
519
521
519
515
509
504
502
501
500
500
500
499
497
497
497
495
500
503
507
506
506
506
506
504
506
510
520
529
541
548
546
539
529
516
503
495
492
489
490
494
498
503
506
509
511
511
509
507
505
501
498
496
496
496
496
498
500
503
504
505
506
505
505
506
510
517
525
538
545
546
539
531
521
511
501
495
493
493
497
501
505
508
511
512
510
507